<?xml version="1.0" encoding="UTF-8"?>
<!-- Generated by org.testng.reporters.JUnitXMLReporter -->
<testsuite hostname="DmitryFRAMEWORK" ignored="0" name="Default test" tests="4" failures="0" timestamp="24 Jan 2017 07:41:29 GMT" time="0.069" errors="0">
  <testcase name="test" time="0.014" classname="core.DPTest"/>
  <testcase name="test" time="0.002" classname="core.DPTest"/>
  <testcase name="test" time="0.002" classname="core.DPTest"/>
  <testcase name="test" time="0.001" classname="core.DPTest"/>
</testsuite> <!-- Default test -->
