<?xml version="1.0" encoding="UTF-8"?>
<!-- Generated by org.testng.reporters.JUnitXMLReporter -->
<testsuite hostname="DmitryFRAMEWORK" ignored="0" name="Test" tests="4" failures="0" timestamp="24 Jan 2017 07:43:50 GMT" time="0.071" errors="0">
  <testcase name="test" time="0.017" classname="core.DPTest"/>
  <testcase name="test" time="0.006" classname="core.DPTest"/>
  <testcase name="test" time="0.004" classname="core.DPTest"/>
  <testcase name="test" time="0.001" classname="core.DPTest"/>
</testsuite> <!-- Test -->
