<?xml version="1.0" encoding="UTF-8"?>
<testng-results skipped="0" failed="0" ignored="0" total="4" passed="4">
  <reporter-output>
  </reporter-output>
  <suite name="Suite" duration-ms="71" started-at="2017-01-24T07:43:49Z" finished-at="2017-01-24T07:43:49Z">
    <groups>
    </groups>
    <test name="Test" duration-ms="71" started-at="2017-01-24T07:43:49Z" finished-at="2017-01-24T07:43:49Z">
      <class name="core.DPTest">
        <test-method status="PASS" signature="test(java.lang.String, java.lang.String, java.lang.String, java.lang.String)[pri:0, instance:core.DPTest@402a079c]" name="test" duration-ms="17" started-at="2017-01-23T23:43:49Z" data-provider="dp" finished-at="2017-01-23T23:43:49Z">
          <params>
            <param index="0">
              <value>
                <![CDATA[TC-01.01 (Summary of 1 and 2 equals 3]]>
              </value>
            </param>
            <param index="1">
              <value>
                <![CDATA[1]]>
              </value>
            </param>
            <param index="2">
              <value>
                <![CDATA[2]]>
              </value>
            </param>
            <param index="3">
              <value>
                <![CDATA[3]]>
              </value>
            </param>
          </params>
          <reporter-output>
          </reporter-output>
        </test-method> <!-- test -->
        <test-method status="PASS" signature="test(java.lang.String, java.lang.String, java.lang.String, java.lang.String)[pri:0, instance:core.DPTest@402a079c]" name="test" duration-ms="6" started-at="2017-01-23T23:43:49Z" data-provider="dp" finished-at="2017-01-23T23:43:49Z">
          <params>
            <param index="0">
              <value>
                <![CDATA[TC-01.02 (Summary of 3 and 4 equals 7]]>
              </value>
            </param>
            <param index="1">
              <value>
                <![CDATA[3]]>
              </value>
            </param>
            <param index="2">
              <value>
                <![CDATA[4]]>
              </value>
            </param>
            <param index="3">
              <value>
                <![CDATA[7]]>
              </value>
            </param>
          </params>
          <reporter-output>
          </reporter-output>
        </test-method> <!-- test -->
        <test-method status="PASS" signature="test(java.lang.String, java.lang.String, java.lang.String, java.lang.String)[pri:0, instance:core.DPTest@402a079c]" name="test" duration-ms="4" started-at="2017-01-23T23:43:49Z" data-provider="dp" finished-at="2017-01-23T23:43:49Z">
          <params>
            <param index="0">
              <value>
                <![CDATA[TC-01.03 (Summary of 5 and 6 equals 11]]>
              </value>
            </param>
            <param index="1">
              <value>
                <![CDATA[5]]>
              </value>
            </param>
            <param index="2">
              <value>
                <![CDATA[6]]>
              </value>
            </param>
            <param index="3">
              <value>
                <![CDATA[11]]>
              </value>
            </param>
          </params>
          <reporter-output>
          </reporter-output>
        </test-method> <!-- test -->
        <test-method status="PASS" signature="test(java.lang.String, java.lang.String, java.lang.String, java.lang.String)[pri:0, instance:core.DPTest@402a079c]" name="test" duration-ms="1" started-at="2017-01-23T23:43:49Z" data-provider="dp" finished-at="2017-01-23T23:43:49Z">
          <params>
            <param index="0">
              <value>
                <![CDATA[TC-01.04 (Summary of 7 and 8 equals 15]]>
              </value>
            </param>
            <param index="1">
              <value>
                <![CDATA[7]]>
              </value>
            </param>
            <param index="2">
              <value>
                <![CDATA[8]]>
              </value>
            </param>
            <param index="3">
              <value>
                <![CDATA[15]]>
              </value>
            </param>
          </params>
          <reporter-output>
          </reporter-output>
        </test-method> <!-- test -->
      </class> <!-- core.DPTest -->
    </test> <!-- Test -->
  </suite> <!-- Suite -->
</testng-results>
